----------------------------------------------------------------
-Pin Report - Date: Fri Apr 25 20:25:33 2025 Pinchecksum: NOT-AVAILABLE
-Product: Designer
-Release: v2024.2
-Version: 2024.2.0.13
-Design Name: top
-Family: PolarFire
-Die: MPF100T
-Package: FCG484
-----------------------------------------------------------------

Port          |Pin |Fixed |Function                                               |Bank     |I/O Std   |Direction    |Used I/O Reg       |User I/O Lock Down |Clamp Diode   |Resistor Pull                     |Use I/O Calibration from the lane |Schmitt Trigger |Vcm Input Range    |On Die Termination |Odt Value (Ohm) |Input Delay |Slew              |Output Drive (mA) |Impedance (ohm)  |Output Load (pF)         |Source Termination (Ohm) |Output Delay |
--------------|----|------|-------------------------------------------------------|---------|----------|-------------|-------------------|-------------------|--------------|----------------------------------|----------------------------------|----------------|-------------------|-------------------|----------------|------------|------------------|------------------|-----------------|-------------------------|-------------------------|-------------|
DBUG_HEADER2   A3   Yes    GPIO145NB2                                              Bank2     LVCMOS33   Input         None                No                  ON             Up                                 No                                 OFF              ---                 ---                 ---              OFF          ---                ---                ---               ---                       ---                       ---           
DBUG_HEADER4   E3   Yes    GPIO146PB2/CCC_SW_PLL1_OUT1                             Bank2     LVCMOS33   Output        None                No                  ON             None                               No                                 ---              ---                 ---                 ---              ---          OFF                12                 ---               5                         ---                       OFF           
DBUG_HEADER6   D3   Yes    GPIO146NB2                                              Bank2     LVCMOS33   Output        None                No                  ON             None                               No                                 ---              ---                 ---                 ---              ---          OFF                8                  ---               5                         ---                       OFF           
DBUG_HEADER8   B2   Yes    GPIO147PB2/CLKIN_S_3/CCC_SW_CLKIN_S_3                   Bank2     LVCMOS33   Output        None                No                  ON             None                               No                                 ---              ---                 ---                 ---              ---          OFF                8                  ---               5                         ---                       OFF           
DBUG_HEADER10  B3   Yes    GPIO147NB2                                              Bank2     LVCMOS33   Input         None                No                  ON             Up                                 No                                 OFF              ---                 ---                 ---              OFF          ---                ---                ---               ---                       ---                       ---           
POWER_GOOD     D1   Yes    GPIO142NB2                                              Bank2     LVCMOS33   Output        None                No                  ON             None                               No                                 ---              ---                 ---                 ---              ---          OFF                12                 ---               5                         ---                       OFF           
RESET_N        L6   Yes    GPIO126PB4                                              Bank4     LVCMOS33   Input         None                No                  ON             Up                                 No                                 OFF              ---                 ---                 ---              OFF          ---                ---                ---               ---                       ---                       ---           
SYS_CLK        R1   Yes    GPIO108PB4/CLKIN_W_7/CCC_NW_CLKIN_W_7/CCC_NW_PLL0_OUT0  Bank4     LVCMOS33   Input         None                No                  ON             Up                                 No                                 OFF              ---                 ---                 ---              OFF          ---                ---                ---               ---                       ---                       ---           
