Resource Usage Report for top 

Mapping to part: mpf100tfcg484std
Cell usage:
CLKINT          15 uses
CFG1           59 uses
CFG2           431 uses
CFG3           813 uses
CFG4           2590 uses

Carry cells:
ARI1            1791 uses - used for arithmetic functions
ARI1            194 uses - used for Wide-Mux implementation
Total ARI1      1985 uses


Sequential Cells: 
SLE            4630 uses

DSP Blocks:    0 of 336 (0%)

I/O ports: 148
I/O primitives: 148
INBUF          60 uses
OUTBUF         88 uses


Global Clock Buffers: 15

Total LUTs:    5878

Extra resources required for RAM and MACC_PA interface logic during P&R:

RAM64X12 Interface Logic : SLEs = 72; LUTs = 72;
RAM1K20  Interface Logic : SLEs = 36; LUTs = 36;
MACC_PA     Interface Logic : SLEs = 0; LUTs = 0;
MACC_PA_BC_ROM     Interface Logic : SLEs = 0; LUTs = 0;

Total number of SLEs after P&R:  4630 + 72 + 36 + 0 = 4738;
Total number of LUTs after P&R:  5878 + 72 + 36 + 0 = 5986;

